<?xml version="1.0" encoding="UTF-8"?>
<!-- Generated by org.testng.reporters.JUnitReportReporter -->
<testsuite skipped="0" hostname="08200257730d" name="com.searchmodule.tests.SearchTest" tests="4" failures="0" timestamp="13 Apr 2020 09:15:43 GMT" time="38.786" errors="0">
  <testcase name="search" time="9.253" classname="com.searchmodule.tests.SearchTest"/>
  <testcase name="search" time="9.683" classname="com.searchmodule.tests.SearchTest"/>
  <testcase name="search" time="10.175" classname="com.searchmodule.tests.SearchTest"/>
  <testcase name="search" time="9.675" classname="com.searchmodule.tests.SearchTest"/>
</testsuite> <!-- com.searchmodule.tests.SearchTest -->
