<?xml version="1.0" encoding="UTF-8"?>
<!-- Generated by org.testng.reporters.JUnitReportReporter -->
<testsuite skipped="0" hostname="01c9c0409538" name="com.newtours.tests.BookFlightTest" tests="20" failures="0" timestamp="13 Apr 2020 09:15:10 GMT" time="199.259" errors="0">
  <testcase name="flightDetailsPage" time="1.234" classname="com.newtours.tests.BookFlightTest"/>
  <testcase name="findFlightPage" time="3.007" classname="com.newtours.tests.BookFlightTest"/>
  <testcase name="findFlightPage" time="2.917" classname="com.newtours.tests.BookFlightTest"/>
  <testcase name="flightDetailsPage" time="1.166" classname="com.newtours.tests.BookFlightTest"/>
  <testcase name="registrationConfirmationPage" time="1.298" classname="com.newtours.tests.BookFlightTest"/>
  <testcase name="flightConfirmationPage" time="1.541" classname="com.newtours.tests.BookFlightTest"/>
  <testcase name="registrationPage" time="26.021" classname="com.newtours.tests.BookFlightTest"/>
  <testcase name="registrationPage" time="39.237" classname="com.newtours.tests.BookFlightTest"/>
  <testcase name="registrationPage" time="15.171" classname="com.newtours.tests.BookFlightTest"/>
  <testcase name="findFlightPage" time="2.837" classname="com.newtours.tests.BookFlightTest"/>
  <testcase name="registrationConfirmationPage" time="1.241" classname="com.newtours.tests.BookFlightTest"/>
  <testcase name="flightConfirmationPage" time="1.428" classname="com.newtours.tests.BookFlightTest"/>
  <testcase name="flightConfirmationPage" time="1.631" classname="com.newtours.tests.BookFlightTest"/>
  <testcase name="registrationConfirmationPage" time="1.329" classname="com.newtours.tests.BookFlightTest"/>
  <testcase name="registrationPage" time="91.002" classname="com.newtours.tests.BookFlightTest"/>
  <testcase name="findFlightPage" time="2.837" classname="com.newtours.tests.BookFlightTest"/>
  <testcase name="flightDetailsPage" time="1.262" classname="com.newtours.tests.BookFlightTest"/>
  <testcase name="flightDetailsPage" time="1.236" classname="com.newtours.tests.BookFlightTest"/>
  <testcase name="flightConfirmationPage" time="1.609" classname="com.newtours.tests.BookFlightTest"/>
  <testcase name="registrationConfirmationPage" time="1.255" classname="com.newtours.tests.BookFlightTest"/>
</testsuite> <!-- com.newtours.tests.BookFlightTest -->
